This is pdfTeX, Version 3.14159265-2.6-1.40.16 (TeX Live 2015/W32TeX) (preloaded format=pdflatex 2015.9.12)  15 DEC 2015 17:43
entering extended mode
 restricted \write18 enabled.
 %&-line parsing enabled.
**./naaclhlt2010.tex
(./naaclhlt2010.tex
LaTeX2e <2015/01/01> patch level 2
Babel <3.9m> and hyphenation patterns for 79 languages loaded.
(c:/texlive/2015/texmf-dist/tex/latex/base/article.cls
Document Class: article 2014/09/29 v1.4h Standard LaTeX document class
(c:/texlive/2015/texmf-dist/tex/latex/base/size11.clo
File: size11.clo 2014/09/29 v1.4h Standard LaTeX file (size option)
)
\c@part=\count79
\c@section=\count80
\c@subsection=\count81
\c@subsubsection=\count82
\c@paragraph=\count83
\c@subparagraph=\count84
\c@figure=\count85
\c@table=\count86
\abovecaptionskip=\skip41
\belowcaptionskip=\skip42
\bibindent=\dimen102
) (./naaclhlt2010.sty
Conference Style for NAACL-HLT 2010 -- released November 16, 2009
\titlebox=\skip43
) (c:/texlive/2015/texmf-dist/tex/latex/psnfss/times.sty
Package: times 2005/04/12 PSNFSS-v9.2a (SPQR) 
)
(c:/texlive/2015/texmf-dist/tex/latex/base/latexsym.sty
Package: latexsym 1998/08/17 v2.2e Standard LaTeX package (lasy symbols)
\symlasy=\mathgroup4
LaTeX Font Info:    Overwriting symbol font `lasy' in version `bold'
(Font)                  U/lasy/m/n --> U/lasy/b/n on input line 52.
)
(c:/texlive/2015/texmf-dist/tex/latex/amsmath/amsmath.sty
Package: amsmath 2013/01/14 v2.14 AMS math features
\@mathmargin=\skip44

For additional information on amsmath, use the `?' option.
(c:/texlive/2015/texmf-dist/tex/latex/amsmath/amstext.sty
Package: amstext 2000/06/29 v2.01

(c:/texlive/2015/texmf-dist/tex/latex/amsmath/amsgen.sty
File: amsgen.sty 1999/11/30 v2.0
\@emptytoks=\toks14
\ex@=\dimen103
))
(c:/texlive/2015/texmf-dist/tex/latex/amsmath/amsbsy.sty
Package: amsbsy 1999/11/29 v1.2d
\pmbraise@=\dimen104
)
(c:/texlive/2015/texmf-dist/tex/latex/amsmath/amsopn.sty
Package: amsopn 1999/12/14 v2.01 operator names
)
\inf@bad=\count87
LaTeX Info: Redefining \frac on input line 210.
\uproot@=\count88
\leftroot@=\count89
LaTeX Info: Redefining \overline on input line 306.
\classnum@=\count90
\DOTSCASE@=\count91
LaTeX Info: Redefining \ldots on input line 378.
LaTeX Info: Redefining \dots on input line 381.
LaTeX Info: Redefining \cdots on input line 466.
\Mathstrutbox@=\box26
\strutbox@=\box27
\big@size=\dimen105
LaTeX Font Info:    Redeclaring font encoding OML on input line 566.
LaTeX Font Info:    Redeclaring font encoding OMS on input line 567.
\macc@depth=\count92
\c@MaxMatrixCols=\count93
\dotsspace@=\muskip10
\c@parentequation=\count94
\dspbrk@lvl=\count95
\tag@help=\toks15
\row@=\count96
\column@=\count97
\maxfields@=\count98
\andhelp@=\toks16
\eqnshift@=\dimen106
\alignsep@=\dimen107
\tagshift@=\dimen108
\tagwidth@=\dimen109
\totwidth@=\dimen110
\lineht@=\dimen111
\@envbody=\toks17
\multlinegap=\skip45
\multlinetaggap=\skip46
\mathdisplay@stack=\toks18
LaTeX Info: Redefining \[ on input line 2665.
LaTeX Info: Redefining \] on input line 2666.
)
(c:/texlive/2015/texmf-dist/tex/latex/amsfonts/amssymb.sty
Package: amssymb 2013/01/14 v3.01 AMS font symbols

(c:/texlive/2015/texmf-dist/tex/latex/amsfonts/amsfonts.sty
Package: amsfonts 2013/01/14 v3.01 Basic AMSFonts support
\symAMSa=\mathgroup5
\symAMSb=\mathgroup6
LaTeX Font Info:    Overwriting math alphabet `\mathfrak' in version `bold'
(Font)                  U/euf/m/n --> U/euf/b/n on input line 106.
))
(c:/texlive/2015/texmf-dist/tex/latex/amscls/amsthm.sty
Package: amsthm 2015/03/04 v2.20.2
\thm@style=\toks19
\thm@bodyfont=\toks20
\thm@headfont=\toks21
\thm@notefont=\toks22
\thm@headpunct=\toks23
\thm@preskip=\skip47
\thm@postskip=\skip48
\thm@headsep=\skip49
\dth@everypar=\toks24
)
(c:/texlive/2015/texmf-dist/tex/latex/graphics/graphicx.sty
Package: graphicx 2014/10/28 v1.0g Enhanced LaTeX Graphics (DPC,SPQR)

(c:/texlive/2015/texmf-dist/tex/latex/graphics/keyval.sty
Package: keyval 2014/10/28 v1.15 key=value parser (DPC)
\KV@toks@=\toks25
)
(c:/texlive/2015/texmf-dist/tex/latex/graphics/graphics.sty
Package: graphics 2014/10/28 v1.0p Standard LaTeX Graphics (DPC,SPQR)

(c:/texlive/2015/texmf-dist/tex/latex/graphics/trig.sty
Package: trig 1999/03/16 v1.09 sin cos tan (DPC)
)
(c:/texlive/2015/texmf-dist/tex/latex/latexconfig/graphics.cfg
File: graphics.cfg 2010/04/23 v1.9 graphics configuration of TeX Live
)
Package graphics Info: Driver file: pdftex.def on input line 94.

(c:/texlive/2015/texmf-dist/tex/latex/pdftex-def/pdftex.def
File: pdftex.def 2011/05/27 v0.06d Graphics/color for pdfTeX

(c:/texlive/2015/texmf-dist/tex/generic/oberdiek/infwarerr.sty
Package: infwarerr 2010/04/08 v1.3 Providing info/warning/error messages (HO)
)
(c:/texlive/2015/texmf-dist/tex/generic/oberdiek/ltxcmds.sty
Package: ltxcmds 2011/11/09 v1.22 LaTeX kernel commands for general use (HO)
)
\Gread@gobject=\count99
))
\Gin@req@height=\dimen112
\Gin@req@width=\dimen113
)
(c:/texlive/2015/texmf-dist/tex/latex/subfig/subfig.sty
Package: subfig 2005/06/28 ver: 1.3 subfig package

(c:/texlive/2015/texmf-dist/tex/latex/caption/caption.sty
Package: caption 2013/05/02 v3.3-89 Customizing captions (AR)

(c:/texlive/2015/texmf-dist/tex/latex/caption/caption3.sty
Package: caption3 2013/05/02 v1.6-88 caption3 kernel (AR)
Package caption3 Info: TeX engine: e-TeX on input line 57.
\captionmargin=\dimen114
\captionmargin@=\dimen115
\captionwidth=\dimen116
\caption@tempdima=\dimen117
\caption@indent=\dimen118
\caption@parindent=\dimen119
\caption@hangindent=\dimen120
Package caption Info: Unknown document class (or package),
(caption)             standard defaults will be used.
)

Package caption Warning: Unsupported document class (or package) detected,
(caption)                usage of the caption package is not recommended.
See the caption package documentation for explanation.

Package caption Info: \@makecaption = \long macro:#1->\@@makecaption {\small #1
}.
\c@ContinuedFloat=\count100
)
\c@KVtest=\count101
\sf@farskip=\skip50
\sf@captopadj=\dimen121
\sf@capskip=\skip51
\sf@nearskip=\skip52
\c@subfigure=\count102
\c@subfigure@save=\count103
\c@lofdepth=\count104
\c@subtable=\count105
\c@subtable@save=\count106
\c@lotdepth=\count107
\sf@top=\skip53
\sf@bottom=\skip54
) (c:/texlive/2015/texmf-dist/tex/latex/float/float.sty
Package: float 2001/11/08 v1.3d Float enhancements (AL)
\c@float@type=\count108
\float@exts=\toks26
\float@box=\box28
\@float@everytoks=\toks27
\@floatcapt=\box29
)
(c:/texlive/2015/texmf-dist/tex/latex/lipsum/lipsum.sty
Package: lipsum 2014/07/27 v1.3 150 paragraphs of Lorem Ipsum dummy text
\c@lips@count=\count109
)
(c:/texlive/2015/texmf-dist/tex/latex/oberdiek/grffile.sty
Package: grffile 2012/04/05 v1.16 Extended file name support for graphics (HO)

(c:/texlive/2015/texmf-dist/tex/generic/oberdiek/ifpdf.sty
Package: ifpdf 2011/01/30 v2.3 Provides the ifpdf switch (HO)
Package ifpdf Info: pdfTeX in PDF mode is detected.
)
(c:/texlive/2015/texmf-dist/tex/generic/ifxetex/ifxetex.sty
Package: ifxetex 2010/09/12 v0.6 Provides ifxetex conditional
)
(c:/texlive/2015/texmf-dist/tex/latex/oberdiek/kvoptions.sty
Package: kvoptions 2011/06/30 v3.11 Key value format for package options (HO)

(c:/texlive/2015/texmf-dist/tex/generic/oberdiek/kvsetkeys.sty
Package: kvsetkeys 2012/04/25 v1.16 Key value parser (HO)

(c:/texlive/2015/texmf-dist/tex/generic/oberdiek/etexcmds.sty
Package: etexcmds 2011/02/16 v1.5 Avoid name clashes with e-TeX commands (HO)

(c:/texlive/2015/texmf-dist/tex/generic/oberdiek/ifluatex.sty
Package: ifluatex 2010/03/01 v1.3 Provides the ifluatex switch (HO)
Package ifluatex Info: LuaTeX not detected.
)
Package etexcmds Info: Could not find \expanded.
(etexcmds)             That can mean that you are not using pdfTeX 1.50 or
(etexcmds)             that some package has redefined \expanded.
(etexcmds)             In the latter case, load this package earlier.
)))
(c:/texlive/2015/texmf-dist/tex/generic/oberdiek/pdftexcmds.sty
Package: pdftexcmds 2011/11/29 v0.20 Utility functions of pdfTeX for LuaTeX (HO
)
Package pdftexcmds Info: LuaTeX not detected.
Package pdftexcmds Info: \pdf@primitive is available.
Package pdftexcmds Info: \pdf@ifprimitive is available.
Package pdftexcmds Info: \pdfdraftmode found.
)
Package grffile Info: Option `multidot' is set to `true'.
Package grffile Info: Option `extendedchars' is set to `false'.
Package grffile Info: Option `space' is set to `true'.
Package grffile Info: \Gin@ii of package `graphicx' fixed on input line 486.
)
(./naaclhlt2010.aux)
\openout1 = `naaclhlt2010.aux'.

LaTeX Font Info:    Checking defaults for OML/cmm/m/it on input line 39.
LaTeX Font Info:    ... okay on input line 39.
LaTeX Font Info:    Checking defaults for T1/cmr/m/n on input line 39.
LaTeX Font Info:    ... okay on input line 39.
LaTeX Font Info:    Checking defaults for OT1/cmr/m/n on input line 39.
LaTeX Font Info:    ... okay on input line 39.
LaTeX Font Info:    Checking defaults for OMS/cmsy/m/n on input line 39.
LaTeX Font Info:    ... okay on input line 39.
LaTeX Font Info:    Checking defaults for OMX/cmex/m/n on input line 39.
LaTeX Font Info:    ... okay on input line 39.
LaTeX Font Info:    Checking defaults for U/cmr/m/n on input line 39.
LaTeX Font Info:    ... okay on input line 39.
LaTeX Font Info:    Try loading font information for OT1+ptm on input line 39.
 (c:/texlive/2015/texmf-dist/tex/latex/psnfss/ot1ptm.fd
File: ot1ptm.fd 2001/06/04 font definitions for OT1/ptm.
)
(c:/texlive/2015/texmf-dist/tex/context/base/supp-pdf.mkii
[Loading MPS to PDF converter (version 2006.09.02).]
\scratchcounter=\count110
\scratchdimen=\dimen122
\scratchbox=\box30
\nofMPsegments=\count111
\nofMParguments=\count112
\everyMPshowfont=\toks28
\MPscratchCnt=\count113
\MPscratchDim=\dimen123
\MPnumerator=\count114
\makeMPintoPDFobject=\count115
\everyMPtoPDFconversion=\toks29
) (c:/texlive/2015/texmf-dist/tex/latex/oberdiek/epstopdf-base.sty
Package: epstopdf-base 2010/02/09 v2.5 Base part for package epstopdf

(c:/texlive/2015/texmf-dist/tex/latex/oberdiek/grfext.sty
Package: grfext 2010/08/19 v1.1 Manage graphics extensions (HO)

(c:/texlive/2015/texmf-dist/tex/generic/oberdiek/kvdefinekeys.sty
Package: kvdefinekeys 2011/04/07 v1.3 Define keys (HO)
))
Package grfext Info: Graphics extension search list:
(grfext)             [.png,.pdf,.jpg,.mps,.jpeg,.jbig2,.jb2,.PNG,.PDF,.JPG,.JPE
G,.JBIG2,.JB2,.eps]
(grfext)             \AppendGraphicsExtensions on input line 452.

(c:/texlive/2015/texmf-dist/tex/latex/latexconfig/epstopdf-sys.cfg
File: epstopdf-sys.cfg 2010/07/13 v1.3 Configuration of (r)epstopdf for TeX Liv
e
))
Package caption Info: Begin \AtBeginDocument code.
Package caption Info: subfig package v1.3 is loaded.
Package caption Info: float package is loaded.
Package caption Info: End \AtBeginDocument code.
LaTeX Font Info:    Font shape `OT1/ptm/bx/n' in size <14.4> not available
(Font)              Font shape `OT1/ptm/b/n' tried instead on input line 40.
LaTeX Font Info:    Try loading font information for U+lasy on input line 40.

(c:/texlive/2015/texmf-dist/tex/latex/base/ulasy.fd
File: ulasy.fd 1998/08/17 v2.2e LaTeX symbol font definitions
)
LaTeX Font Info:    Try loading font information for U+msa on input line 40.

(c:/texlive/2015/texmf-dist/tex/latex/amsfonts/umsa.fd
File: umsa.fd 2013/01/14 v3.01 AMS symbols A
)
LaTeX Font Info:    Try loading font information for U+msb on input line 40.

(c:/texlive/2015/texmf-dist/tex/latex/amsfonts/umsb.fd
File: umsb.fd 2013/01/14 v3.01 AMS symbols B
)
LaTeX Font Info:    Font shape `OT1/ptm/bx/n' in size <12> not available
(Font)              Font shape `OT1/ptm/b/n' tried instead on input line 40.
LaTeX Font Info:    Try loading font information for OT1+pcr on input line 40.

(c:/texlive/2015/texmf-dist/tex/latex/psnfss/ot1pcr.fd
File: ot1pcr.fd 2001/06/04 font definitions for OT1/pcr.
)
Underfull \hbox (badness 3009) in paragraph at lines 42--43
[]\OT1/ptm/m/n/10 This study ap-plies a va-ri-ety of stochas-
 []


Underfull \hbox (badness 1867) in paragraph at lines 42--43
\OT1/ptm/m/n/10 of a K-nearest neigh-bor clas-si-fier on the
 []

[1{c:/texlive/2015/texmf-var/fonts/map/pdftex/updmap/pdftex.map}




]
LaTeX Font Info:    Font shape `OT1/ptm/bx/n' in size <10.95> not available
(Font)              Font shape `OT1/ptm/b/n' tried instead on input line 73.
 [2] [3]
Underfull \hbox (badness 7047) in paragraph at lines 176--177
[]\OT1/ptm/m/n/10.95 A sim-ple it-er-a-tive al-go-rithm by Zou and
 []


Underfull \hbox (badness 10000) in paragraph at lines 186--186
[][]\OT1/ptm/m/n/9 http://vision.ucsd.edu/content/extended-yale-face-
 []

[4] <figures/cross-val-PCA.png, id=32, 578.16pt x 433.62pt>
File: figures/cross-val-PCA.png Graphic file (type png)

<use figures/cross-val-PCA.png>
Package pdftex.def Info: figures/cross-val-PCA.png used on input line 204.
(pdftex.def)             Requested size: 144.54pt x 108.40472pt.

<figures/cross-val-SVDPCA.png, id=33, 578.16pt x 433.62pt>
File: figures/cross-val-SVDPCA.png Graphic file (type png)

<use figures/cross-val-SVDPCA.png>
Package pdftex.def Info: figures/cross-val-SVDPCA.png used on input line 205.
(pdftex.def)             Requested size: 144.54pt x 108.40472pt.

<figures/cross-val-SPM.png, id=34, 578.16pt x 433.62pt>
File: figures/cross-val-SPM.png Graphic file (type png)

<use figures/cross-val-SPM.png>
Package pdftex.def Info: figures/cross-val-SPM.png used on input line 206.
(pdftex.def)             Requested size: 144.54pt x 108.40472pt.

<figures/cross-val-IPCA.png, id=35, 578.16pt x 433.62pt>
File: figures/cross-val-IPCA.png Graphic file (type png)

<use figures/cross-val-IPCA.png>
Package pdftex.def Info: figures/cross-val-IPCA.png used on input line 207.
(pdftex.def)             Requested size: 144.54pt x 108.40472pt.

<figures/cross-val-MSG.png, id=36, 578.16pt x 433.62pt>
File: figures/cross-val-MSG.png Graphic file (type png)

<use figures/cross-val-MSG.png>
Package pdftex.def Info: figures/cross-val-MSG.png used on input line 208.
(pdftex.def)             Requested size: 144.54pt x 108.40472pt.

<figures/cross-val-SPCA.png, id=37, 578.16pt x 433.62pt>
File: figures/cross-val-SPCA.png Graphic file (type png)

<use figures/cross-val-SPCA.png>
Package pdftex.def Info: figures/cross-val-SPCA.png used on input line 209.
(pdftex.def)             Requested size: 144.54pt x 108.40472pt.
 [5]
Underfull \hbox (badness 1418) in paragraph at lines 246--247
[]\OT1/ptm/m/n/10.95 From look-ing at both the re-con-struc-tion and
 []

<figures/PCA-Faces/original face.png, id=41, 578.16pt x 433.62pt>
File: figures/PCA-Faces/original face.png Graphic file (type png)

<use figures/PCA-Faces/original face.png>
Package pdftex.def Info: figures/PCA-Faces/original face.png used on input line
 252.
(pdftex.def)             Requested size: 144.54pt x 108.40472pt.

<figures/PCA-Faces/eigenface_number_1.png, id=42, 578.16pt x 433.62pt>
File: figures/PCA-Faces/eigenface_number_1.png Graphic file (type png)

<use figures/PCA-Faces/eigenface_number_1.png>
Package pdftex.def Info: figures/PCA-Faces/eigenface_number_1.png used on input
 line 258.
(pdftex.def)             Requested size: 144.54pt x 108.40472pt.

<figures/SPM-Faces/eigenface_number_1.png, id=43, 578.16pt x 433.62pt>
File: figures/SPM-Faces/eigenface_number_1.png Graphic file (type png)

<use figures/SPM-Faces/eigenface_number_1.png>
Package pdftex.def Info: figures/SPM-Faces/eigenface_number_1.png used on input
 line 259.
(pdftex.def)             Requested size: 144.54pt x 108.40472pt.

<figures/IPCA-Faces/eigenface_number_1.png, id=44, 578.16pt x 433.62pt>
File: figures/IPCA-Faces/eigenface_number_1.png Graphic file (type png)

<use figures/IPCA-Faces/eigenface_number_1.png>
Package pdftex.def Info: figures/IPCA-Faces/eigenface_number_1.png used on inpu
t line 260.
(pdftex.def)             Requested size: 144.54pt x 108.40472pt.

<figures/MSG-Faces/eigenface_number_1.png, id=45, 578.16pt x 433.62pt>
File: figures/MSG-Faces/eigenface_number_1.png Graphic file (type png)

<use figures/MSG-Faces/eigenface_number_1.png>
Package pdftex.def Info: figures/MSG-Faces/eigenface_number_1.png used on input
 line 261.
(pdftex.def)             Requested size: 144.54pt x 108.40472pt.

<figures/SVDPCA-Faces/eigenface_number_1.png, id=46, 578.16pt x 433.62pt>
File: figures/SVDPCA-Faces/eigenface_number_1.png Graphic file (type png)

<use figures/SVDPCA-Faces/eigenface_number_1.png>
Package pdftex.def Info: figures/SVDPCA-Faces/eigenface_number_1.png used on in
put line 262.
(pdftex.def)             Requested size: 144.54pt x 108.40472pt.

<figures/SPCA-Faces/eigenface_number_4.png, id=47, 578.16pt x 433.62pt>
File: figures/SPCA-Faces/eigenface_number_4.png Graphic file (type png)

<use figures/SPCA-Faces/eigenface_number_4.png>
Package pdftex.def Info: figures/SPCA-Faces/eigenface_number_4.png used on inpu
t line 263.
(pdftex.def)             Requested size: 144.54pt x 108.40472pt.

<figures/PCA-Faces/thresholded_eigenface_number_3.png, id=48, 578.16pt x 433.62
pt>
File: figures/PCA-Faces/thresholded_eigenface_number_3.png Graphic file (type p
ng)
 <use figures/PCA-Faces/thresholded_eigenface_number_3.png>
Package pdftex.def Info: figures/PCA-Faces/thresholded_eigenface_number_3.png u
sed on input line 272.
(pdftex.def)             Requested size: 144.54pt x 108.40472pt.

<figures/SPM-Faces/thresholded_eigenface_number_5.png, id=49, 578.16pt x 433.62
pt>
File: figures/SPM-Faces/thresholded_eigenface_number_5.png Graphic file (type p
ng)
 <use figures/SPM-Faces/thresholded_eigenface_number_5.png>
Package pdftex.def Info: figures/SPM-Faces/thresholded_eigenface_number_5.png u
sed on input line 273.
(pdftex.def)             Requested size: 144.54pt x 108.40472pt.

<figures/IPCA-Faces/thresholded_eigenface_number_3.png, id=50, 578.16pt x 433.6
2pt>
File: figures/IPCA-Faces/thresholded_eigenface_number_3.png Graphic file (type 
png)
 <use figures/IPCA-Faces/thresholded_eigenface_number_3.png>
Package pdftex.def Info: figures/IPCA-Faces/thresholded_eigenface_number_3.png 
used on input line 274.
(pdftex.def)             Requested size: 144.54pt x 108.40472pt.

<figures/MSG-Faces/thresholded_eigenface_number_4.png, id=51, 578.16pt x 433.62
pt>
File: figures/MSG-Faces/thresholded_eigenface_number_4.png Graphic file (type p
ng)
 <use figures/MSG-Faces/thresholded_eigenface_number_4.png>
Package pdftex.def Info: figures/MSG-Faces/thresholded_eigenface_number_4.png u
sed on input line 275.
(pdftex.def)             Requested size: 144.54pt x 108.40472pt.

<figures/SVDPCA-Faces/thresholded_eigenface_number_5.png, id=52, 578.16pt x 433
.62pt>
File: figures/SVDPCA-Faces/thresholded_eigenface_number_5.png Graphic file (typ
e png)
 <use figures/SVDPCA-Faces/thresholded_eigenface_number_5.png>
Package pdftex.def Info: figures/SVDPCA-Faces/thresholded_eigenface_number_5.pn
g used on input line 276.
(pdftex.def)             Requested size: 144.54pt x 108.40472pt.

<figures/SPCA-Faces/thresholded_eigenface_number_4.png, id=53, 578.16pt x 433.6
2pt>
File: figures/SPCA-Faces/thresholded_eigenface_number_4.png Graphic file (type 
png)
 <use figures/SPCA-Faces/thresholded_eigenface_number_4.png>
Package pdftex.def Info: figures/SPCA-Faces/thresholded_eigenface_number_4.png 
used on input line 277.
(pdftex.def)             Requested size: 144.54pt x 108.40472pt.

<figures/PCA-Faces/face sample reconstructed with 5 PCs.png, id=54, 578.16pt x 
433.62pt>
File: figures/PCA-Faces/face sample reconstructed with 5 PCs.png Graphic file (
type png)
 <use figures/PCA-Faces/face sample reconstructed with 5 PCs.png>
Package pdftex.def Info: figures/PCA-Faces/face sample reconstructed with 5 PCs
.png used on input line 286.
(pdftex.def)             Requested size: 144.54pt x 108.40472pt.

<figures/SPM-Faces/face sample reconstructed with 5 PCs.png, id=55, 578.16pt x 
433.62pt>
File: figures/SPM-Faces/face sample reconstructed with 5 PCs.png Graphic file (
type png)
 <use figures/SPM-Faces/face sample reconstructed with 5 PCs.png>
Package pdftex.def Info: figures/SPM-Faces/face sample reconstructed with 5 PCs
.png used on input line 287.
(pdftex.def)             Requested size: 144.54pt x 108.40472pt.

<figures/IPCA-Faces/face sample reconstructed with 5 PCs.png, id=56, 578.16pt x
 433.62pt>
File: figures/IPCA-Faces/face sample reconstructed with 5 PCs.png Graphic file 
(type png)
 <use figures/IPCA-Faces/face sample reconstructed with 5 PCs.png>
Package pdftex.def Info: figures/IPCA-Faces/face sample reconstructed with 5 PC
s.png used on input line 288.
(pdftex.def)             Requested size: 144.54pt x 108.40472pt.

<figures/MSG-Faces/face sample reconstructed with 5 PCs.png, id=57, 578.16pt x 
433.62pt>
File: figures/MSG-Faces/face sample reconstructed with 5 PCs.png Graphic file (
type png)
 <use figures/MSG-Faces/face sample reconstructed with 5 PCs.png>
Package pdftex.def Info: figures/MSG-Faces/face sample reconstructed with 5 PCs
.png used on input line 289.
(pdftex.def)             Requested size: 144.54pt x 108.40472pt.

<figures/SVDPCA-Faces/face sample reconstructed with 5 PCs.png, id=58, 578.16pt
 x 433.62pt>
File: figures/SVDPCA-Faces/face sample reconstructed with 5 PCs.png Graphic fil
e (type png)

<use figures/SVDPCA-Faces/face sample reconstructed with 5 PCs.png>
Package pdftex.def Info: figures/SVDPCA-Faces/face sample reconstructed with 5 
PCs.png used on input line 290.
(pdftex.def)             Requested size: 144.54pt x 108.40472pt.

<figures/SPCA-Faces/face sample reconstructed with 5 PCs.png, id=59, 578.16pt x
 433.62pt>
File: figures/SPCA-Faces/face sample reconstructed with 5 PCs.png Graphic file 
(type png)
 <use figures/SPCA-Faces/face sample reconstructed with 5 PCs.png>
Package pdftex.def Info: figures/SPCA-Faces/face sample reconstructed with 5 PC
s.png used on input line 291.
(pdftex.def)             Requested size: 144.54pt x 108.40472pt.

<figures/PCA-Faces/face sample reconstructed with 30 PCs.png, id=60, 578.16pt x
 433.62pt>
File: figures/PCA-Faces/face sample reconstructed with 30 PCs.png Graphic file 
(type png)
 <use figures/PCA-Faces/face sample reconstructed with 30 PCs.png>
Package pdftex.def Info: figures/PCA-Faces/face sample reconstructed with 30 PC
s.png used on input line 299.
(pdftex.def)             Requested size: 144.54pt x 108.40472pt.

<figures/SPM-Faces/face sample reconstructed with 30 PCs.png, id=61, 578.16pt x
 433.62pt>
File: figures/SPM-Faces/face sample reconstructed with 30 PCs.png Graphic file 
(type png)
 <use figures/SPM-Faces/face sample reconstructed with 30 PCs.png>
Package pdftex.def Info: figures/SPM-Faces/face sample reconstructed with 30 PC
s.png used on input line 300.
(pdftex.def)             Requested size: 144.54pt x 108.40472pt.

<figures/IPCA-Faces/face sample reconstructed with 30 PCs.png, id=62, 578.16pt 
x 433.62pt>
File: figures/IPCA-Faces/face sample reconstructed with 30 PCs.png Graphic file
 (type png)
 <use figures/IPCA-Faces/face sample reconstructed with 30 PCs.png>
Package pdftex.def Info: figures/IPCA-Faces/face sample reconstructed with 30 P
Cs.png used on input line 301.
(pdftex.def)             Requested size: 144.54pt x 108.40472pt.

<figures/MSG-Faces/face sample reconstructed with 30 PCs.png, id=63, 578.16pt x
 433.62pt>
File: figures/MSG-Faces/face sample reconstructed with 30 PCs.png Graphic file 
(type png)
 <use figures/MSG-Faces/face sample reconstructed with 30 PCs.png>
Package pdftex.def Info: figures/MSG-Faces/face sample reconstructed with 30 PC
s.png used on input line 302.
(pdftex.def)             Requested size: 144.54pt x 108.40472pt.

<figures/SVDPCA-Faces/face sample reconstructed with 30 PCs.png, id=64, 578.16p
t x 433.62pt>
File: figures/SVDPCA-Faces/face sample reconstructed with 30 PCs.png Graphic fi
le (type png)

<use figures/SVDPCA-Faces/face sample reconstructed with 30 PCs.png>
Package pdftex.def Info: figures/SVDPCA-Faces/face sample reconstructed with 30
 PCs.png used on input line 303.
(pdftex.def)             Requested size: 144.54pt x 108.40472pt.

<figures/SPCA-Faces/face sample reconstructed with 30 PCs.png, id=65, 578.16pt 
x 433.62pt>
File: figures/SPCA-Faces/face sample reconstructed with 30 PCs.png Graphic file
 (type png)
 <use figures/SPCA-Faces/face sample reconstructed with 30 PCs.png>
Package pdftex.def Info: figures/SPCA-Faces/face sample reconstructed with 30 P
Cs.png used on input line 304.
(pdftex.def)             Requested size: 144.54pt x 108.40472pt.

<figures/Var SVDPCA.png, id=66, 578.16pt x 433.62pt>
File: figures/Var SVDPCA.png Graphic file (type png)

<use figures/Var SVDPCA.png>
Package pdftex.def Info: figures/Var SVDPCA.png used on input line 313.
(pdftex.def)             Requested size: 144.54pt x 108.40472pt.
 <figures/Var SPM.png, id=67, 578.16pt x 433.62pt>
File: figures/Var SPM.png Graphic file (type png)

<use figures/Var SPM.png>
Package pdftex.def Info: figures/Var SPM.png used on input line 314.
(pdftex.def)             Requested size: 144.54pt x 108.40472pt.
 <figures/Var IPCA.png, id=68, 578.16pt x 433.62pt>
File: figures/Var IPCA.png Graphic file (type png)

<use figures/Var IPCA.png>
Package pdftex.def Info: figures/Var IPCA.png used on input line 315.
(pdftex.def)             Requested size: 144.54pt x 108.40472pt.
 <figures/Var MSG.png, id=69, 578.16pt x 433.62pt>
File: figures/Var MSG.png Graphic file (type png)

<use figures/Var MSG.png>
Package pdftex.def Info: figures/Var MSG.png used on input line 316.
(pdftex.def)             Requested size: 144.54pt x 108.40472pt.
 <figures/Var SPCA.png, id=70, 578.16pt x 433.62pt>
File: figures/Var SPCA.png Graphic file (type png)

<use figures/Var SPCA.png>
Package pdftex.def Info: figures/Var SPCA.png used on input line 317.
(pdftex.def)             Requested size: 144.54pt x 108.40472pt.
 [6 <./figures/cross-val-PCA.png (PNG copy)> <./figures/cross-val-SVDPCA.png (P
NG copy)> <./figures/cross-val-SPM.png (PNG copy)> <./figures/cross-val-IPCA.pn
g (PNG copy)> <./figures/cross-val-MSG.png (PNG copy)> <./figures/cross-val-SPC
A.png (PNG copy)> <./figures/PCA-Faces/original face.png (PNG copy)>]
Underfull \hbox (badness 1308) in paragraph at lines 333--334
[]\OT1/ptm/m/n/10.95 We were not able to dis-cuss bias-variance
 []


Underfull \hbox (badness 2173) in paragraph at lines 344--345
\OT1/ptm/m/n/10.95 SIGMOD-SIGART Symps. pages 274-281,
 []

[7 <./figures/PCA-Faces/eigenface_number_1.png (PNG copy)> <./figures/SPM-Faces
/eigenface_number_1.png (PNG copy)> <./figures/IPCA-Faces/eigenface_number_1.pn
g (PNG copy)> <./figures/MSG-Faces/eigenface_number_1.png (PNG copy)> <./figure
s/SVDPCA-Faces/eigenface_number_1.png (PNG copy)> <./figures/SPCA-Faces/eigenfa
ce_number_4.png (PNG copy)>]
Underfull \hbox (badness 1292) in paragraph at lines 358--359
[]\OT1/ptm/m/n/10.95 Johnson, W. B. and Lin-den-strauss, J. Ex-
 []


Underfull \hbox (badness 1448) in paragraph at lines 360--361
[]\OT1/ptm/m/n/10.95 Jolliffe, Ian. Prin-ci-pal com-po-nent anal-y-sis.
 []


Underfull \hbox (badness 1331) in paragraph at lines 362--363
\OT1/ptm/m/n/10.95 SIAM Jour-nal on Com-put-ing 30.2 (2000):
 []

[8 <./figures/PCA-Faces/thresholded_eigenface_number_3.png (PNG copy)> <./figur
es/SPM-Faces/thresholded_eigenface_number_5.png (PNG copy)> <./figures/IPCA-Fac
es/thresholded_eigenface_number_3.png (PNG copy)> <./figures/MSG-Faces/threshol
ded_eigenface_number_4.png (PNG copy)> <./figures/SVDPCA-Faces/thresholded_eige
nface_number_5.png (PNG copy)> <./figures/SPCA-Faces/thresholded_eigenface_numb
er_4.png (PNG copy)>] [9 <./figures/PCA-Faces/face sample reconstructed with 5 
PCs.png (PNG copy)> <./figures/SPM-Faces/face sample reconstructed with 5 PCs.p
ng (PNG copy)> <./figures/IPCA-Faces/face sample reconstructed with 5 PCs.png (
PNG copy)> <./figures/MSG-Faces/face sample reconstructed with 5 PCs.png (PNG c
opy)> <./figures/SVDPCA-Faces/face sample reconstructed with 5 PCs.png (PNG cop
y)> <./figures/SPCA-Faces/face sample reconstructed with 5 PCs.png (PNG copy)> 
<./figures/PCA-Faces/face sample reconstructed with 30 PCs.png (PNG copy)> <./f
igures/SPM-Faces/face sample reconstructed with 30 PCs.png (PNG copy)> <./figur
es/IPCA-Faces/face sample reconstructed with 30 PCs.png (PNG copy)> <./figures/
MSG-Faces/face sample reconstructed with 30 PCs.png (PNG copy)> <./figures/SVDP
CA-Faces/face sample reconstructed with 30 PCs.png (PNG copy)> <./figures/SPCA-
Faces/face sample reconstructed with 30 PCs.png (PNG copy)>] [10 <./figures/Var
 SVDPCA.png (PNG copy)> <./figures/Var SPM.png (PNG copy)> <./figures/Var IPCA.
png (PNG copy)> <./figures/Var MSG.png (PNG copy)> <./figures/Var SPCA.png (PNG
 copy)>] (./naaclhlt2010.aux) ) 
Here is how much of TeX's memory you used:
 4266 strings out of 493091
 67197 string characters out of 6138525
 237044 words of memory out of 5000000
 7659 multiletter control sequences out of 15000+600000
 31019 words of font info for 83 fonts, out of 8000000 for 9000
 1141 hyphenation exceptions out of 8191
 44i,15n,47p,1340b,442s stack positions out of 5000i,500n,10000p,200000b,80000s
{c:/texlive/2015/texmf-dist/fonts/enc/dvips/base
/8r.enc}<c:/texlive/2015/texmf-dist/fonts/type1/public/amsfonts/cm/cmex10.pfb><
c:/texlive/2015/texmf-dist/fonts/type1/public/amsfonts/cm/cmmi10.pfb><c:/texliv
e/2015/texmf-dist/fonts/type1/public/amsfonts/cm/cmmi6.pfb><c:/texlive/2015/tex
mf-dist/fonts/type1/public/amsfonts/cm/cmmi8.pfb><c:/texlive/2015/texmf-dist/fo
nts/type1/public/amsfonts/cm/cmmi9.pfb><c:/texlive/2015/texmf-dist/fonts/type1/
public/amsfonts/cm/cmr10.pfb><c:/texlive/2015/texmf-dist/fonts/type1/public/ams
fonts/cm/cmr6.pfb><c:/texlive/2015/texmf-dist/fonts/type1/public/amsfonts/cm/cm
r8.pfb><c:/texlive/2015/texmf-dist/fonts/type1/public/amsfonts/cm/cmr9.pfb><c:/
texlive/2015/texmf-dist/fonts/type1/public/amsfonts/cm/cmsy10.pfb><c:/texlive/2
015/texmf-dist/fonts/type1/public/amsfonts/cm/cmsy6.pfb><c:/texlive/2015/texmf-
dist/fonts/type1/public/amsfonts/cm/cmsy8.pfb><c:/texlive/2015/texmf-dist/fonts
/type1/public/amsfonts/cm/cmsy9.pfb><c:/texlive/2015/texmf-dist/fonts/type1/pub
lic/amsfonts/symbols/msbm10.pfb><c:/texlive/2015/texmf-dist/fonts/type1/urw/cou
rier/ucrr8a.pfb><c:/texlive/2015/texmf-dist/fonts/type1/urw/times/utmb8a.pfb><c
:/texlive/2015/texmf-dist/fonts/type1/urw/times/utmr8a.pfb><c:/texlive/2015/tex
mf-dist/fonts/type1/urw/times/utmri8a.pfb>
Output written on naaclhlt2010.pdf (10 pages, 1516920 bytes).
PDF statistics:
 146 PDF objects out of 1000 (max. 8388607)
 79 compressed objects within 1 object stream
 0 named destinations out of 1000 (max. 500000)
 181 words of extra memory for PDF output out of 10000 (max. 10000000)

